\BOOKMARK [0][-]{chapter.1}{\376\377\000C\000+\000+\000\040\000a\000l\000a\000p\000i\000s\000m\000e\000r\000e\000t\000e\000k}{}% 1
\BOOKMARK [1][-]{section.1.1}{\376\377\000M\000o\000t\000i\000v\000\341\000c\000i\000\363}{chapter.1}% 2
\BOOKMARK [1][-]{section.1.2}{\376\377\000A\000\040\000C\000+\000+\000\040\000f\000o\000r\000d\000\355\000t\000\363\000m\000o\000d\000e\000l\000l\000j\000e}{chapter.1}% 3
\BOOKMARK [2][-]{subsection.1.2.1}{\376\377\000A\000\040\000f\000o\000r\000d\000\355\000t\000\341\000s\000\040\000e\000s\000z\000k\000\366\000z\000e\000i}{section.1.2}% 4
\BOOKMARK [2][-]{subsection.1.2.2}{\376\377\000A\000\040\000C\000+\000+\000\040\000f\000o\000r\000d\000\355\000t\000\363\000\040\000f\000\341\000z\000i\000s\000a\000i}{section.1.2}% 5
\BOOKMARK [1][-]{section.1.3}{\376\377\000T\000\355\000p\000u\000s\000r\000e\000n\000d\000s\000z\000e\000r}{chapter.1}% 6
\BOOKMARK [1][-]{section.1.4}{\376\377\000D\000e\000k\000l\000a\000r\000\341\000c\000i\000\363\000,\000\040\000d\000e\000f\000i\000n\000\355\000c\000i\000\363}{chapter.1}% 7
\BOOKMARK [1][-]{section.1.5}{\376\377\000L\000\341\000t\000h\000a\000t\000\363\000s\000\341\000g\000,\000\040\000e\000l\000f\000e\000d\000\351\000s}{chapter.1}% 8
\BOOKMARK [1][-]{section.1.6}{\376\377\000A\000\040\000C\000+\000+\000\040\000m\000e\000m\000\363\000r\000i\000a\000m\000o\000d\000e\000l\000l\000j\000e}{chapter.1}% 9
\BOOKMARK [1][-]{section.1.7}{\376\377\000N\000\351\000v\000t\000e\000r\000e\000k}{chapter.1}% 10
\BOOKMARK [1][-]{section.1.8}{\376\377\000R\000e\000f\000e\000r\000e\000n\000c\000i\000\341\000k}{chapter.1}% 11
\BOOKMARK [1][-]{section.1.9}{\376\377\000B\000a\000l\000\351\000r\000t\000\351\000k\000,\000\040\000j\000o\000b\000b\000\351\000r\000t\000\351\000k}{chapter.1}% 12
\BOOKMARK [0][-]{chapter.2}{\376\377\000O\000b\000j\000e\000k\000t\000u\000m\000o\000r\000i\000e\000n\000t\000\341\000l\000t\000\040\000p\000r\000o\000g\000r\000a\000m\000o\000z\000\341\000s}{}% 13
\BOOKMARK [1][-]{section.2.1}{\376\377\000F\000o\000r\000d\000\355\000t\000\363\000\040\000\341\000l\000t\000a\000l\000\040\000g\000e\000n\000e\000r\000\341\000l\000t\000\040\000t\000a\000g\000f\000\374\000g\000g\000v\000\351\000n\000y\000e\000k}{chapter.2}% 14
\BOOKMARK [2][-]{subsection.2.1.1}{\376\377\000A\000l\000a\000p\000\351\000r\000t\000e\000l\000m\000e\000z\000e\000t\000t\000\040\000k\000o\000n\000s\000t\000r\000u\000k\000t\000o\000r}{section.2.1}% 15
\BOOKMARK [2][-]{subsection.2.1.2}{\376\377\000D\000e\000s\000t\000r\000u\000k\000t\000o\000r}{section.2.1}% 16
\BOOKMARK [2][-]{subsection.2.1.3}{\376\377\000C\000o\000p\000y\000\040\000k\000o\000n\000s\000t\000r\000u\000k\000t\000o\000r}{section.2.1}% 17
\BOOKMARK [2][-]{subsection.2.1.4}{\376\377\000\311\000r\000t\000\351\000k\000a\000d\000\363\000\040\000o\000p\000e\000r\000\341\000t\000o\000r}{section.2.1}% 18
\BOOKMARK [1][-]{section.2.2}{\376\377\000G\000e\000t\000t\000e\000r\000e\000k\000\040\000\351\000s\000\040\000s\000e\000t\000t\000e\000r\000e\000k}{chapter.2}% 19
\BOOKMARK [1][-]{section.2.3}{\376\377\000A\000\040\000[\000]\000\040\000\351\000s\000\040\000a\000\040\000\050\000\051\000\040\000o\000p\000e\000r\000\341\000t\000o\000r}{chapter.2}% 20
\BOOKMARK [1][-]{section.2.4}{\376\377\000S\000t\000a\000t\000i\000k\000u\000s\000\040\000a\000d\000a\000t\000t\000a\000g\000o\000k\000\040\000\351\000s\000\040\000t\000a\000g\000f\000\374\000g\000g\000v\000\351\000n\000y\000e\000k}{chapter.2}% 21
\BOOKMARK [1][-]{section.2.5}{\376\377\000T\000\355\000p\000u\000s\000k\000o\000n\000v\000e\000r\000z\000i\000\363\000s\000\040\000o\000p\000e\000r\000\341\000t\000o\000r\000o\000k}{chapter.2}% 22
\BOOKMARK [1][-]{section.2.6}{\376\377\000K\000i\000\355\000r\000a\000t\000\341\000s\000\040\000a\000\040\000s\000t\000a\000n\000d\000a\000r\000d\000\040\000o\000u\000t\000p\000u\000t\000r\000a}{chapter.2}% 23
\BOOKMARK [1][-]{section.2.7}{\376\377\000A\000\040\000f\000r\000i\000e\000n\000d\000\040\000k\000u\000l\000c\000s\000s\000z\000\363}{chapter.2}% 24
\BOOKMARK [1][-]{section.2.8}{\376\377\000\326\000r\000\366\000k\000l\001\121\000d\000\351\000s\000\040\000/\000\040\000S\000z\000\341\000r\000m\000a\000z\000t\000a\000t\000\341\000s}{chapter.2}% 25
\BOOKMARK [2][-]{subsection.2.8.1}{\376\377\000S\000t\000a\000t\000i\000k\000u\000s\000,\000\040\000d\000i\000n\000a\000m\000i\000k\000u\000s\000\040\000t\000\355\000p\000u\000s}{section.2.8}% 26
\BOOKMARK [2][-]{subsection.2.8.2}{\376\377\000O\000b\000j\000e\000c\000t\000\040\000s\000l\000i\000c\000i\000n\000g}{section.2.8}% 27
\BOOKMARK [2][-]{subsection.2.8.3}{\376\377\000I\000n\000t\000e\000r\000f\000\351\000s\000z\000e\000k\000,\000\040\000a\000b\000s\000z\000t\000r\000a\000k\000t\000\040\000o\000s\000z\000t\000\341\000l\000y\000o\000k}{section.2.8}% 28
\BOOKMARK [0][-]{chapter.3}{\376\377\000S\000a\000b\000l\000o\000n\000o\000k\000\040\000\351\000s\000\040\000a\000z\000\040\000S\000T\000L}{}% 29
\BOOKMARK [1][-]{section.3.1}{\376\377\000S\000a\000b\000l\000o\000n\000o\000k\000\040\000\050\000t\000e\000m\000p\000l\000a\000t\000e\000-\000e\000k\000\051}{chapter.3}% 30
\BOOKMARK [2][-]{subsection.3.1.1}{\376\377\000S\000a\000b\000l\000o\000n\000f\000\374\000g\000g\000v\000\351\000n\000y\000e\000k}{section.3.1}% 31
\BOOKMARK [2][-]{subsection.3.1.2}{\376\377\000S\000a\000b\000l\000o\000n\000o\000s\000z\000t\000\341\000l\000y\000o\000k}{section.3.1}% 32
\BOOKMARK [2][-]{subsection.3.1.3}{\376\377\000D\000e\000p\000e\000n\000d\000e\000n\000t\000\040\000s\000c\000o\000p\000e\000-\000o\000k}{section.3.1}% 33
\BOOKMARK [1][-]{section.3.2}{\376\377\000A\000z\000\040\000S\000T\000L\000\040\000\050\000S\000t\000a\000n\000d\000a\000r\000d\000\040\000T\000e\000m\000p\000l\000a\000t\000e\000\040\000L\000i\000b\000r\000a\000r\000y\000\051}{chapter.3}% 34
\BOOKMARK [2][-]{subsection.3.2.1}{\376\377\000I\000t\000e\000r\000\341\000t\000o\000r\000o\000k}{section.3.2}% 35
\BOOKMARK [2][-]{subsection.3.2.2}{\376\377\000K\000o\000n\000t\000\351\000n\000e\000r\000e\000k\000\040\000\050\000a\000d\000a\000t\000s\000z\000e\000r\000k\000e\000z\000e\000t\000e\000k\000\051}{section.3.2}% 36
\BOOKMARK [2][-]{subsection.3.2.3}{\376\377\000A\000l\000g\000o\000r\000i\000t\000m\000u\000s\000o\000k}{section.3.2}% 37
\BOOKMARK [1][-]{section.3.3}{\376\377\000T\000e\000m\000p\000l\000a\000t\000e\000\040\000m\000e\000t\000a\000p\000r\000o\000g\000r\000a\000m\000o\000z\000\341\000s}{chapter.3}% 38
\BOOKMARK [0][-]{chapter.4}{\376\377\000F\000\374\000g\000g\000e\000l\000\351\000k}{}% 39
\BOOKMARK [1][-]{section.4.1}{\376\377\000K\000\374\000l\000\366\000n\000b\000s\000\351\000g\000e\000k\000\040\000a\000\040\000C\000\040\000\351\000s\000\040\000a\000\040\000C\000+\000+\000\040\000k\000\366\000z\000\366\000t\000t}{chapter.4}% 40
\BOOKMARK [2][-]{subsection.4.1.1}{\376\377\000K\000u\000l\000c\000s\000s\000z\000\363\000k\000k\000a\000l\000\040\000k\000a\000p\000c\000s\000o\000l\000a\000t\000o\000s\000\040\000k\000\374\000l\000\366\000n\000b\000s\000\351\000g\000e\000k}{section.4.1}% 41
\BOOKMARK [2][-]{subsection.4.1.2}{\376\377\000F\000\374\000g\000g\000v\000\351\000n\000y\000e\000k\000k\000e\000l\000\040\000k\000a\000p\000c\000s\000o\000l\000a\000t\000o\000s\000\040\000k\000\374\000l\000\366\000n\000b\000s\000\351\000g\000e\000k}{section.4.1}% 42
\BOOKMARK [2][-]{subsection.4.1.3}{\376\377\000T\000\355\000p\000u\000s\000o\000k\000k\000a\000l\000\040\000k\000a\000p\000c\000s\000o\000l\000a\000t\000o\000s\000\040\000k\000\374\000l\000\366\000n\000b\000s\000\351\000g\000e\000k}{section.4.1}% 43
\BOOKMARK [1][-]{section.4.2}{\376\377\000P\000\351\000l\000d\000a\000t\000\341\000r}{chapter.4}% 44
\BOOKMARK [2][-]{subsection.4.2.1}{\376\377\000A\000z\000\040\000A\000r\000r\000a\000y\000\040\000o\000s\000z\000t\000\341\000l\000y}{section.4.2}% 45
\BOOKMARK [2][-]{subsection.4.2.2}{\376\377\000A\000\040\000P\000o\000i\000n\000t\000\040\000o\000s\000z\000t\000\341\000l\000y}{section.4.2}% 46
\BOOKMARK [2][-]{subsection.4.2.3}{\376\377\000A\000\040\000S\000h\000a\000p\000e\000,\000\040\000C\000i\000r\000c\000l\000e\000\040\000\351\000s\000\040\000R\000e\000c\000t\000a\000n\000g\000l\000e\000\040\000o\000s\000z\000t\000\341\000l\000y\000o\000k}{section.4.2}% 47
